PicoUnityXRSDK/unityLibrary/build/intermediates/manifest_merge_blame_file/debug/manifest-merger-blame-debug-report.txt
1<?xml version="1.0" encoding="utf-8"?>
2<!-- GENERATED BY UNITY. REMOVE THIS COMMENT TO PREVENT OVERWRITING WHEN EXPORTING AGAIN -->
3<manifest xmlns:android="http://schemas.android.com/apk/res/android"
4    xmlns:tools="http://schemas.android.com/tools"
5    package="com.unity3d.player"
6    android:versionCode="1"
7    android:versionName="0.1" >
8
9    <uses-sdk
10        android:minSdkVersion="26"
10-->src\main\AndroidManifest.xml
11        android:targetSdkVersion="30" />
11-->src\main\AndroidManifest.xml
12
13    <uses-feature android:glEsVersion="0x00030000" />
13-->src\main\AndroidManifest.xml:24:3-52
13-->src\main\AndroidManifest.xml:24:17-49
14
15    <uses-permission android:name="android.permission.INTERNET" />
15-->src\main\AndroidManifest.xml:25:3-65
15-->src\main\AndroidManifest.xml:25:20-62
16    <uses-permission android:name="android.permission.WRITE_EXTERNAL_STORAGE" />
16-->src\main\AndroidManifest.xml:26:3-79
16-->src\main\AndroidManifest.xml:26:20-76
17
18    <uses-feature
18-->src\main\AndroidManifest.xml:27:3-88
19        android:name="android.hardware.touchscreen"
19-->src\main\AndroidManifest.xml:27:17-60
20        android:required="false" />
20-->src\main\AndroidManifest.xml:27:61-85
21    <uses-feature
21-->src\main\AndroidManifest.xml:28:3-99
22        android:name="android.hardware.touchscreen.multitouch"
22-->src\main\AndroidManifest.xml:28:17-71
23        android:required="false" />
23-->src\main\AndroidManifest.xml:28:72-96
24    <uses-feature
24-->src\main\AndroidManifest.xml:29:3-108
25        android:name="android.hardware.touchscreen.multitouch.distinct"
25-->src\main\AndroidManifest.xml:29:17-80
26        android:required="false" />
26-->src\main\AndroidManifest.xml:29:81-105
27
28    <uses-permission android:name="android.permission.WRITE_SETTINGS" />
28-->src\main\AndroidManifest.xml:30:3-71
28-->src\main\AndroidManifest.xml:30:20-68
29    <uses-permission android:name="android.permission.READ_EXTERNAL_STORAGE" />
29-->src\main\AndroidManifest.xml:31:3-78
29-->src\main\AndroidManifest.xml:31:20-75
30
31    <application android:requestLegacyExternalStorage="true" >
31-->src\main\AndroidManifest.xml:4:3-23:17
31-->src\main\AndroidManifest.xml:4:16-59
32        <activity
32-->src\main\AndroidManifest.xml:5:5-12:16
33            android:name="com.unity3d.player.UnityPlayerActivity"
33-->src\main\AndroidManifest.xml:5:15-68
34            android:configChanges="mcc|mnc|locale|touchscreen|keyboard|keyboardHidden|navigation|orientation|screenLayout|uiMode|screenSize|smallestScreenSize|fontScale|layoutDirection|density"
34-->src\main\AndroidManifest.xml:5:181-362
35            android:hardwareAccelerated="false"
35-->src\main\AndroidManifest.xml:5:398-433
36            android:launchMode="singleTask"
36-->src\main\AndroidManifest.xml:5:149-180
37            android:resizeableActivity="false"
37-->src\main\AndroidManifest.xml:5:363-397
38            android:screenOrientation="landscape"
38-->src\main\AndroidManifest.xml:5:111-148
39            android:theme="@style/UnityThemeSelector" >
39-->src\main\AndroidManifest.xml:5:69-110
40            <intent-filter>
40-->src\main\AndroidManifest.xml:6:7-9:23
41                <action android:name="android.intent.action.MAIN" />
41-->src\main\AndroidManifest.xml:7:9-61
41-->src\main\AndroidManifest.xml:7:17-58
42
43                <category android:name="android.intent.category.LAUNCHER" />
43-->src\main\AndroidManifest.xml:8:9-69
43-->src\main\AndroidManifest.xml:8:19-66
44            </intent-filter>
45
46            <meta-data
46-->src\main\AndroidManifest.xml:10:7-82
47                android:name="unityplayer.UnityActivity"
47-->src\main\AndroidManifest.xml:10:18-58
48                android:value="true" />
48-->src\main\AndroidManifest.xml:10:59-79
49            <meta-data
49-->src\main\AndroidManifest.xml:11:7-78
50                android:name="android.notch_support"
50-->src\main\AndroidManifest.xml:11:18-54
51                android:value="true" />
51-->src\main\AndroidManifest.xml:11:55-75
52        </activity>
53
54        <meta-data
54-->src\main\AndroidManifest.xml:13:5-69
55            android:name="unity.splash-mode"
55-->src\main\AndroidManifest.xml:13:16-48
56            android:value="0" />
56-->src\main\AndroidManifest.xml:13:49-66
57        <meta-data
57-->src\main\AndroidManifest.xml:14:5-74
58            android:name="unity.splash-enable"
58-->src\main\AndroidManifest.xml:14:16-50
59            android:value="True" />
59-->src\main\AndroidManifest.xml:14:51-71
60        <meta-data
60-->src\main\AndroidManifest.xml:15:5-78
61            android:name="unity.launch-fullscreen"
61-->src\main\AndroidManifest.xml:15:16-54
62            android:value="True" />
62-->src\main\AndroidManifest.xml:15:55-75
63        <meta-data
63-->src\main\AndroidManifest.xml:16:5-84
64            android:name="unity.allow-resizable-window"
64-->src\main\AndroidManifest.xml:16:16-59
65            android:value="False" />
65-->src\main\AndroidManifest.xml:16:60-81
66        <meta-data
66-->src\main\AndroidManifest.xml:17:5-81
67            android:name="notch.config"
67-->src\main\AndroidManifest.xml:17:16-43
68            android:value="portrait|landscape" />
68-->src\main\AndroidManifest.xml:17:44-78
69        <meta-data
69-->src\main\AndroidManifest.xml:18:5-101
70            android:name="unity.build-id"
70-->src\main\AndroidManifest.xml:18:16-45
71            android:value="ad9a4998-c46d-4879-b14d-895ab1a46ba9" />
71-->src\main\AndroidManifest.xml:18:46-98
72        <meta-data
72-->src\main\AndroidManifest.xml:19:5-65
73            android:name="pvr.app.type"
73-->src\main\AndroidManifest.xml:19:16-43
74            android:value="vr" />
74-->src\main\AndroidManifest.xml:19:44-62
75        <meta-data
75-->src\main\AndroidManifest.xml:20:5-85
76            android:name="pvr.sdk.version"
76-->src\main\AndroidManifest.xml:20:16-46
77            android:value="XR Platform_1.2.5.3" />
77-->src\main\AndroidManifest.xml:20:47-82
78        <meta-data
78-->src\main\AndroidManifest.xml:21:5-62
79            android:name="enable_cpt"
79-->src\main\AndroidManifest.xml:21:16-41
80            android:value="0" />
80-->src\main\AndroidManifest.xml:21:42-59
81        <meta-data
81-->src\main\AndroidManifest.xml:22:5-75
82            android:name="enable_entitlementcheck"
82-->src\main\AndroidManifest.xml:22:16-54
83            android:value="0" />
83-->src\main\AndroidManifest.xml:22:55-72
84    </application>
85
86</manifest>